<?xml version="1.0" encoding="UTF-8"?>
<!-- Generated by org.testng.reporters.JUnitXMLReporter -->
<testsuite hostname="DE9YQ9PV2" ignored="0" name="Surefire test" tests="2" failures="0" timestamp="2021-05-25T16:50:37 IST" time="105.829" errors="0">
  <testcase name="runScenario" time="52.523" classname="com.cars24.testrunnerfiles.CustomizeTestNGCucumberRunner"/>
  <testcase name="runScenario" time="50.453" classname="com.cars24.testrunnerfiles.CustomizeTestNGCucumberRunner"/>
</testsuite> <!-- Surefire test -->
