<?xml version="1.0" encoding="UTF-8"?>
<!-- Generated by org.testng.reporters.JUnitXMLReporter -->
<testsuite hostname="DE9YQ9PV2" ignored="0" name="Default test" tests="8" failures="0" timestamp="2021-05-26T15:46:12 IST" time="481.882" errors="0">
  <testcase name="runScenario" time="54.28" classname="com.cars24.testrunnerfiles.CustomizeTestNGCucumberRunner"/>
  <testcase name="runScenario" time="38.691" classname="com.cars24.testrunnerfiles.CustomizeTestNGCucumberRunner"/>
  <testcase name="runScenario" time="53.936" classname="com.cars24.testrunnerfiles.CustomizeTestNGCucumberRunner"/>
  <testcase name="runScenario" time="58.485" classname="com.cars24.testrunnerfiles.CustomizeTestNGCucumberRunner"/>
  <testcase name="runScenario" time="108.96" classname="com.cars24.testrunnerfiles.CustomizeTestNGCucumberRunner"/>
  <testcase name="runScenario" time="55.045" classname="com.cars24.testrunnerfiles.CustomizeTestNGCucumberRunner"/>
  <testcase name="runScenario" time="53.304" classname="com.cars24.testrunnerfiles.CustomizeTestNGCucumberRunner"/>
  <testcase name="runScenario" time="52.89" classname="com.cars24.testrunnerfiles.CustomizeTestNGCucumberRunner"/>
</testsuite> <!-- Default test -->
