<?xml version="1.0" encoding="UTF-8"?>
<testng-results skipped="0" failed="0" ignored="0" total="2" passed="2">
  <reporter-output>
  </reporter-output>
  <suite name="Surefire suite" duration-ms="105829" started-at="2021-05-25T16:48:52 IST" finished-at="2021-05-25T16:50:37 IST">
    <groups>
      <group name="cucumber">
        <method signature="CustomizeTestNGCucumberRunner.runScenario(io.cucumber.testng.PickleWrapper, io.cucumber.testng.FeatureWrapper)[pri:0, instance:com.cars24.testrunnerfiles.TestRunner@7f13d6e]" name="runScenario" class="com.cars24.testrunnerfiles.CustomizeTestNGCucumberRunner"/>
      </group> <!-- cucumber -->
    </groups>
    <test name="Surefire test" duration-ms="105829" started-at="2021-05-25T16:48:52 IST" finished-at="2021-05-25T16:50:37 IST">
      <class name="com.cars24.testrunnerfiles.TestRunner">
        <test-method status="PASS" signature="setUpClass()[pri:0, instance:com.cars24.testrunnerfiles.TestRunner@7f13d6e]" name="setUpClass" is-config="true" duration-ms="633" started-at="2021-05-25T16:48:52 IST" finished-at="2021-05-25T16:48:52 IST">
          <reporter-output>
          </reporter-output>
        </test-method> <!-- setUpClass -->
        <test-method status="PASS" signature="runScenario(io.cucumber.testng.PickleWrapper, io.cucumber.testng.FeatureWrapper)[pri:0, instance:com.cars24.testrunnerfiles.TestRunner@7f13d6e]" name="runScenario" duration-ms="52523" started-at="2021-05-25T16:48:52 IST" description="Runs Cucumber Scenarios" data-provider="scenarios" finished-at="2021-05-25T16:49:45 IST">
          <params>
            <param index="0">
              <value>
                <![CDATA["Verify user able to login successfully"]]>
              </value>
            </param>
            <param index="1">
              <value>
                <![CDATA["Optional[Verify BecomeOur Partner feature]"]]>
              </value>
            </param>
          </params>
          <reporter-output>
          </reporter-output>
        </test-method> <!-- runScenario -->
        <test-method status="PASS" signature="runScenario(io.cucumber.testng.PickleWrapper, io.cucumber.testng.FeatureWrapper)[pri:0, instance:com.cars24.testrunnerfiles.TestRunner@7f13d6e]" name="runScenario" duration-ms="50453" started-at="2021-05-25T16:49:45 IST" description="Runs Cucumber Scenarios" data-provider="scenarios" finished-at="2021-05-25T16:50:35 IST">
          <params>
            <param index="0">
              <value>
                <![CDATA["Verify user able to login successfully"]]>
              </value>
            </param>
            <param index="1">
              <value>
                <![CDATA["Optional[Verify the RC Status]"]]>
              </value>
            </param>
          </params>
          <reporter-output>
          </reporter-output>
        </test-method> <!-- runScenario -->
        <test-method status="PASS" signature="tearDownClass()[pri:0, instance:com.cars24.testrunnerfiles.TestRunner@7f13d6e]" name="tearDownClass" is-config="true" duration-ms="2175" started-at="2021-05-25T16:50:35 IST" finished-at="2021-05-25T16:50:37 IST">
          <reporter-output>
          </reporter-output>
        </test-method> <!-- tearDownClass -->
      </class> <!-- com.cars24.testrunnerfiles.TestRunner -->
    </test> <!-- Surefire test -->
  </suite> <!-- Surefire suite -->
</testng-results>
